  Scene 1.cpp
c:\users\cyber\documents\visual studio 2015\projects\graphics\project_2\animator\particle.h(55): warning C4244: 'argument': conversion from 'double' to 'GLfloat', possible loss of data
c:\users\cyber\documents\visual studio 2015\projects\graphics\project_2\animator\particle.h(70): warning C4244: 'initializing': conversion from 'double' to 'float', possible loss of data
c:\users\cyber\documents\visual studio 2015\projects\graphics\project_2\animator\particle.h(73): warning C4244: 'initializing': conversion from 'double' to 'float', possible loss of data
c:\users\cyber\documents\visual studio 2015\projects\graphics\project_2\animator\scene 1.cpp(60): warning C4244: 'initializing': conversion from 'double' to 'float', possible loss of data
c:\users\cyber\documents\visual studio 2015\projects\graphics\project_2\animator\scene 1.cpp(61): warning C4244: 'initializing': conversion from 'double' to 'float', possible loss of data
c:\users\cyber\documents\visual studio 2015\projects\graphics\project_2\animator\scene 1.cpp(62): warning C4244: 'initializing': conversion from 'double' to 'float', possible loss of data
c:\users\cyber\documents\visual studio 2015\projects\graphics\project_2\animator\scene 1.cpp(63): warning C4244: 'initializing': conversion from 'double' to 'float', possible loss of data
c:\users\cyber\documents\visual studio 2015\projects\graphics\project_2\animator\scene 1.cpp(64): warning C4244: 'initializing': conversion from 'double' to 'float', possible loss of data
c:\users\cyber\documents\visual studio 2015\projects\graphics\project_2\animator\scene 1.cpp(65): warning C4244: 'initializing': conversion from 'double' to 'float', possible loss of data
c:\users\cyber\documents\visual studio 2015\projects\graphics\project_2\animator\scene 1.cpp(66): warning C4244: 'initializing': conversion from 'double' to 'float', possible loss of data
c:\users\cyber\documents\visual studio 2015\projects\graphics\project_2\animator\scene 1.cpp(67): warning C4244: 'initializing': conversion from 'double' to 'float', possible loss of data
c:\users\cyber\documents\visual studio 2015\projects\graphics\project_2\animator\scene 1.cpp(68): warning C4244: 'initializing': conversion from 'double' to 'float', possible loss of data
c:\users\cyber\documents\visual studio 2015\projects\graphics\project_2\animator\scene 1.cpp(69): warning C4244: 'initializing': conversion from 'double' to 'float', possible loss of data
c:\users\cyber\documents\visual studio 2015\projects\graphics\project_2\animator\scene 1.cpp(70): warning C4244: 'initializing': conversion from 'double' to 'float', possible loss of data
c:\users\cyber\documents\visual studio 2015\projects\graphics\project_2\animator\scene 1.cpp(71): warning C4244: 'initializing': conversion from 'double' to 'float', possible loss of data
c:\users\cyber\documents\visual studio 2015\projects\graphics\project_2\animator\scene 1.cpp(72): warning C4244: 'initializing': conversion from 'double' to 'float', possible loss of data
c:\users\cyber\documents\visual studio 2015\projects\graphics\project_2\animator\scene 1.cpp(116): warning C4305: 'argument': truncation from 'double' to 'GLfloat'
c:\users\cyber\documents\visual studio 2015\projects\graphics\project_2\animator\scene 1.cpp(118): warning C4305: 'argument': truncation from 'double' to 'GLfloat'
c:\users\cyber\documents\visual studio 2015\projects\graphics\project_2\animator\scene 1.cpp(126): warning C4305: 'argument': truncation from 'double' to 'GLfloat'
c:\users\cyber\documents\visual studio 2015\projects\graphics\project_2\animator\scene 1.cpp(128): warning C4305: 'argument': truncation from 'double' to 'GLfloat'
c:\users\cyber\documents\visual studio 2015\projects\graphics\project_2\animator\scene 1.cpp(143): warning C4305: 'argument': truncation from 'double' to 'GLfloat'
c:\users\cyber\documents\visual studio 2015\projects\graphics\project_2\animator\scene 1.cpp(145): warning C4305: 'argument': truncation from 'double' to 'GLfloat'
c:\users\cyber\documents\visual studio 2015\projects\graphics\project_2\animator\scene 1.cpp(149): warning C4305: 'argument': truncation from 'double' to 'GLfloat'
c:\users\cyber\documents\visual studio 2015\projects\graphics\project_2\animator\scene 1.cpp(151): warning C4305: 'argument': truncation from 'double' to 'GLfloat'
c:\users\cyber\documents\visual studio 2015\projects\graphics\project_2\animator\scene 1.cpp(160): warning C4305: 'argument': truncation from 'double' to 'GLfloat'
c:\users\cyber\documents\visual studio 2015\projects\graphics\project_2\animator\scene 1.cpp(162): warning C4305: 'argument': truncation from 'double' to 'GLfloat'
c:\users\cyber\documents\visual studio 2015\projects\graphics\project_2\animator\scene 1.cpp(166): warning C4305: 'argument': truncation from 'double' to 'GLfloat'
c:\users\cyber\documents\visual studio 2015\projects\graphics\project_2\animator\scene 1.cpp(168): warning C4305: 'argument': truncation from 'double' to 'GLfloat'
c:\users\cyber\documents\visual studio 2015\projects\graphics\project_2\animator\scene 1.cpp(179): warning C4305: 'argument': truncation from 'double' to 'GLfloat'
c:\users\cyber\documents\visual studio 2015\projects\graphics\project_2\animator\scene 1.cpp(181): warning C4305: 'argument': truncation from 'double' to 'GLfloat'
c:\users\cyber\documents\visual studio 2015\projects\graphics\project_2\animator\scene 1.cpp(190): warning C4305: 'argument': truncation from 'double' to 'GLfloat'
c:\users\cyber\documents\visual studio 2015\projects\graphics\project_2\animator\scene 1.cpp(192): warning C4305: 'argument': truncation from 'double' to 'GLfloat'
c:\users\cyber\documents\visual studio 2015\projects\graphics\project_2\animator\scene 1.cpp(216): warning C4305: 'argument': truncation from 'double' to 'float'
c:\users\cyber\documents\visual studio 2015\projects\graphics\project_2\animator\scene 1.cpp(217): warning C4305: 'argument': truncation from 'double' to 'float'
c:\users\cyber\documents\visual studio 2015\projects\graphics\project_2\animator\scene 1.cpp(218): warning C4305: 'argument': truncation from 'double' to 'float'
c:\users\cyber\documents\visual studio 2015\projects\graphics\project_2\animator\scene 1.cpp(219): warning C4305: 'argument': truncation from 'double' to 'float'
c:\users\cyber\documents\visual studio 2015\projects\graphics\project_2\animator\scene 1.cpp(220): warning C4305: 'argument': truncation from 'double' to 'float'
c:\users\cyber\documents\visual studio 2015\projects\graphics\project_2\animator\scene 1.cpp(221): warning C4305: 'argument': truncation from 'double' to 'float'
c:\users\cyber\documents\visual studio 2015\projects\graphics\project_2\animator\scene 1.cpp(222): warning C4305: 'argument': truncation from 'double' to 'float'
c:\users\cyber\documents\visual studio 2015\projects\graphics\project_2\animator\scene 1.cpp(223): warning C4305: 'argument': truncation from 'double' to 'float'
c:\users\cyber\documents\visual studio 2015\projects\graphics\project_2\animator\scene 1.cpp(224): warning C4305: 'argument': truncation from 'double' to 'float'
c:\users\cyber\documents\visual studio 2015\projects\graphics\project_2\animator\scene 1.cpp(225): warning C4305: 'argument': truncation from 'double' to 'float'
c:\users\cyber\documents\visual studio 2015\projects\graphics\project_2\animator\scene 1.cpp(226): warning C4305: 'argument': truncation from 'double' to 'float'
c:\users\cyber\documents\visual studio 2015\projects\graphics\project_2\animator\scene 1.cpp(227): warning C4305: 'argument': truncation from 'double' to 'float'
c:\users\cyber\documents\visual studio 2015\projects\graphics\project_2\animator\scene 1.cpp(228): warning C4305: 'argument': truncation from 'double' to 'float'
  Generating Code...
  Skipping... (no relevant changes detected)
  robotarm.cpp
  Starting pass 2
       Scene 1.obj
       MSVCRTD.lib(loadcfg.obj)
  Finished pass 2
  Animator.vcxproj -> C:\Users\cyber\Documents\Visual Studio 2015\Projects\Graphics\Project_2\animator\Debug\Animator.exe
  Animator.vcxproj -> Debug\Animator.pdb (Full PDB)
