  ObjectFileLoader.cpp
ObjectFileLoader.cpp(109): warning C4996: 'sscanf': This function or variable may be unsafe. Consider using sscanf_s instead. To disable deprecation, use _CRT_SECURE_NO_WARNINGS. See online help for details.
  C:\Program Files (x86)\Windows Kits\10\Include\10.0.10240.0\ucrt\stdio.h(2254): note: see declaration of 'sscanf'
ObjectFileLoader.cpp(120): warning C4996: 'sscanf': This function or variable may be unsafe. Consider using sscanf_s instead. To disable deprecation, use _CRT_SECURE_NO_WARNINGS. See online help for details.
  C:\Program Files (x86)\Windows Kits\10\Include\10.0.10240.0\ucrt\stdio.h(2254): note: see declaration of 'sscanf'
ObjectFileLoader.cpp(131): warning C4996: 'sscanf': This function or variable may be unsafe. Consider using sscanf_s instead. To disable deprecation, use _CRT_SECURE_NO_WARNINGS. See online help for details.
  C:\Program Files (x86)\Windows Kits\10\Include\10.0.10240.0\ucrt\stdio.h(2254): note: see declaration of 'sscanf'
ObjectFileLoader.cpp(142): warning C4996: 'sscanf': This function or variable may be unsafe. Consider using sscanf_s instead. To disable deprecation, use _CRT_SECURE_NO_WARNINGS. See online help for details.
  C:\Program Files (x86)\Windows Kits\10\Include\10.0.10240.0\ucrt\stdio.h(2254): note: see declaration of 'sscanf'
ObjectFileLoader.cpp(149): warning C4996: 'sscanf': This function or variable may be unsafe. Consider using sscanf_s instead. To disable deprecation, use _CRT_SECURE_NO_WARNINGS. See online help for details.
  C:\Program Files (x86)\Windows Kits\10\Include\10.0.10240.0\ucrt\stdio.h(2254): note: see declaration of 'sscanf'
ObjectFileLoader.cpp(156): warning C4996: 'sscanf': This function or variable may be unsafe. Consider using sscanf_s instead. To disable deprecation, use _CRT_SECURE_NO_WARNINGS. See online help for details.
  C:\Program Files (x86)\Windows Kits\10\Include\10.0.10240.0\ucrt\stdio.h(2254): note: see declaration of 'sscanf'
ObjectFileLoader.cpp(163): warning C4996: 'sscanf': This function or variable may be unsafe. Consider using sscanf_s instead. To disable deprecation, use _CRT_SECURE_NO_WARNINGS. See online help for details.
  C:\Program Files (x86)\Windows Kits\10\Include\10.0.10240.0\ucrt\stdio.h(2254): note: see declaration of 'sscanf'
ObjectFileLoader.cpp(280): warning C4996: 'sscanf': This function or variable may be unsafe. Consider using sscanf_s instead. To disable deprecation, use _CRT_SECURE_NO_WARNINGS. See online help for details.
  C:\Program Files (x86)\Windows Kits\10\Include\10.0.10240.0\ucrt\stdio.h(2254): note: see declaration of 'sscanf'
ObjectFileLoader.cpp(298): warning C4996: 'sscanf': This function or variable may be unsafe. Consider using sscanf_s instead. To disable deprecation, use _CRT_SECURE_NO_WARNINGS. See online help for details.
  C:\Program Files (x86)\Windows Kits\10\Include\10.0.10240.0\ucrt\stdio.h(2254): note: see declaration of 'sscanf'
ObjectFileLoader.cpp(316): warning C4996: 'sscanf': This function or variable may be unsafe. Consider using sscanf_s instead. To disable deprecation, use _CRT_SECURE_NO_WARNINGS. See online help for details.
  C:\Program Files (x86)\Windows Kits\10\Include\10.0.10240.0\ucrt\stdio.h(2254): note: see declaration of 'sscanf'
ObjectFileLoader.cpp(348): warning C4996: 'sscanf': This function or variable may be unsafe. Consider using sscanf_s instead. To disable deprecation, use _CRT_SECURE_NO_WARNINGS. See online help for details.
  C:\Program Files (x86)\Windows Kits\10\Include\10.0.10240.0\ucrt\stdio.h(2254): note: see declaration of 'sscanf'
ObjectFileLoader.cpp(363): warning C4996: 'sscanf': This function or variable may be unsafe. Consider using sscanf_s instead. To disable deprecation, use _CRT_SECURE_NO_WARNINGS. See online help for details.
  C:\Program Files (x86)\Windows Kits\10\Include\10.0.10240.0\ucrt\stdio.h(2254): note: see declaration of 'sscanf'
ObjectFileLoader.cpp(586): warning C4018: '<': signed/unsigned mismatch
ObjectFileLoader.cpp(624): warning C4018: '<': signed/unsigned mismatch
ObjectFileLoader.cpp(720): warning C4244: 'argument': conversion from 'int' to 'GLfloat', possible loss of data
ObjectFileLoader.cpp(739): warning C4018: '<': signed/unsigned mismatch
  Particle.cpp
c:\users\cyber\documents\visual studio 2015\projects\graphics\project_2\animator\Particle.h(57): warning C4244: 'argument': conversion from 'double' to 'GLfloat', possible loss of data
c:\users\cyber\documents\visual studio 2015\projects\graphics\project_2\animator\Particle.h(72): warning C4244: 'initializing': conversion from 'double' to 'float', possible loss of data
c:\users\cyber\documents\visual studio 2015\projects\graphics\project_2\animator\Particle.h(75): warning C4244: 'initializing': conversion from 'double' to 'float', possible loss of data
Particle.cpp(74): warning C4018: '<': signed/unsigned mismatch
Particle.cpp(78): warning C4018: '<': signed/unsigned mismatch
Particle.cpp(90): warning C4018: '<': signed/unsigned mismatch
Particle.cpp(175): warning C4244: 'argument': conversion from 'double' to 'const float', possible loss of data
Particle.cpp(180): warning C4244: 'argument': conversion from 'double' to 'const float', possible loss of data
Particle.cpp(238): warning C4244: 'argument': conversion from 'int' to 'GLfloat', possible loss of data
Particle.cpp(325): warning C4244: '=': conversion from 'float' to 'int', possible loss of data
c:\users\cyber\documents\visual studio 2015\projects\graphics\project_2\animator\mat.h(288): warning C4244: '/=': conversion from 'double' to 'float', possible loss of data
  c:\users\cyber\documents\visual studio 2015\projects\graphics\project_2\animator\mat.h(264): note: while compiling class template member function 'Mat4<float> Mat4<float>::inverse(void) const'
  Particle.cpp(192): note: see reference to function template instantiation 'Mat4<float> Mat4<float>::inverse(void) const' being compiled
  Particle.cpp(191): note: see reference to class template instantiation 'Mat4<float>' being compiled
c:\users\cyber\documents\visual studio 2015\projects\graphics\project_2\animator\mat.h(289): warning C4244: '/=': conversion from 'double' to 'float', possible loss of data
c:\users\cyber\documents\visual studio 2015\projects\graphics\project_2\animator\mat.h(297): warning C4244: '-=': conversion from 'double' to 'float', possible loss of data
c:\users\cyber\documents\visual studio 2015\projects\graphics\project_2\animator\mat.h(298): warning C4244: '-=': conversion from 'double' to 'float', possible loss of data
c:\users\cyber\documents\visual studio 2015\projects\graphics\project_2\animator\vec.h(293): warning C4244: '/=': conversion from 'double' to 'float', possible loss of data
  c:\users\cyber\documents\visual studio 2015\projects\graphics\project_2\animator\vec.h(291): note: while compiling class template member function 'void Vec3<float>::normalize(void)'
  Particle.cpp(241): note: see reference to function template instantiation 'void Vec3<float>::normalize(void)' being compiled
  c:\users\cyber\documents\visual studio 2015\projects\graphics\project_2\animator\camera.h(33): note: see reference to class template instantiation 'Vec3<float>' being compiled
c:\users\cyber\documents\visual studio 2015\projects\graphics\project_2\animator\vec.h(293): warning C4244: '/=': conversion from 'double' to 'float', possible loss of data
c:\users\cyber\documents\visual studio 2015\projects\graphics\project_2\animator\vec.h(293): warning C4244: '/=': conversion from 'double' to 'float', possible loss of data
  Shader_Helper.cpp
  batman.cpp
c:\users\cyber\documents\visual studio 2015\projects\graphics\project_2\animator\Particle.h(57): warning C4244: 'argument': conversion from 'double' to 'GLfloat', possible loss of data
c:\users\cyber\documents\visual studio 2015\projects\graphics\project_2\animator\Particle.h(72): warning C4244: 'initializing': conversion from 'double' to 'float', possible loss of data
c:\users\cyber\documents\visual studio 2015\projects\graphics\project_2\animator\Particle.h(75): warning C4244: 'initializing': conversion from 'double' to 'float', possible loss of data
batman.cpp(59): warning C4244: 'initializing': conversion from 'double' to 'float', possible loss of data
batman.cpp(60): warning C4244: 'initializing': conversion from 'double' to 'float', possible loss of data
batman.cpp(61): warning C4244: 'initializing': conversion from 'double' to 'float', possible loss of data
batman.cpp(62): warning C4244: 'initializing': conversion from 'double' to 'float', possible loss of data
batman.cpp(63): warning C4244: 'initializing': conversion from 'double' to 'float', possible loss of data
batman.cpp(64): warning C4244: 'initializing': conversion from 'double' to 'float', possible loss of data
batman.cpp(65): warning C4244: 'initializing': conversion from 'double' to 'float', possible loss of data
batman.cpp(66): warning C4244: 'initializing': conversion from 'double' to 'float', possible loss of data
batman.cpp(67): warning C4244: 'initializing': conversion from 'double' to 'float', possible loss of data
batman.cpp(68): warning C4244: 'initializing': conversion from 'double' to 'float', possible loss of data
batman.cpp(69): warning C4244: 'initializing': conversion from 'double' to 'float', possible loss of data
batman.cpp(70): warning C4244: 'initializing': conversion from 'double' to 'float', possible loss of data
batman.cpp(71): warning C4244: 'initializing': conversion from 'double' to 'float', possible loss of data
batman.cpp(111): warning C4305: 'argument': truncation from 'double' to 'GLfloat'
batman.cpp(113): warning C4305: 'argument': truncation from 'double' to 'GLfloat'
batman.cpp(121): warning C4305: 'argument': truncation from 'double' to 'GLfloat'
batman.cpp(123): warning C4305: 'argument': truncation from 'double' to 'GLfloat'
batman.cpp(138): warning C4305: 'argument': truncation from 'double' to 'GLfloat'
batman.cpp(140): warning C4305: 'argument': truncation from 'double' to 'GLfloat'
batman.cpp(144): warning C4305: 'argument': truncation from 'double' to 'GLfloat'
batman.cpp(146): warning C4305: 'argument': truncation from 'double' to 'GLfloat'
batman.cpp(155): warning C4305: 'argument': truncation from 'double' to 'GLfloat'
batman.cpp(157): warning C4305: 'argument': truncation from 'double' to 'GLfloat'
batman.cpp(161): warning C4305: 'argument': truncation from 'double' to 'GLfloat'
batman.cpp(163): warning C4305: 'argument': truncation from 'double' to 'GLfloat'
batman.cpp(174): warning C4305: 'argument': truncation from 'double' to 'GLfloat'
batman.cpp(176): warning C4305: 'argument': truncation from 'double' to 'GLfloat'
batman.cpp(185): warning C4305: 'argument': truncation from 'double' to 'GLfloat'
batman.cpp(187): warning C4305: 'argument': truncation from 'double' to 'GLfloat'
batman.cpp(211): warning C4305: 'argument': truncation from 'double' to 'float'
batman.cpp(212): warning C4305: 'argument': truncation from 'double' to 'float'
batman.cpp(213): warning C4305: 'argument': truncation from 'double' to 'float'
batman.cpp(214): warning C4305: 'argument': truncation from 'double' to 'float'
batman.cpp(215): warning C4305: 'argument': truncation from 'double' to 'float'
batman.cpp(216): warning C4305: 'argument': truncation from 'double' to 'float'
batman.cpp(217): warning C4305: 'argument': truncation from 'double' to 'float'
batman.cpp(218): warning C4305: 'argument': truncation from 'double' to 'float'
batman.cpp(219): warning C4305: 'argument': truncation from 'double' to 'float'
batman.cpp(220): warning C4305: 'argument': truncation from 'double' to 'float'
batman.cpp(221): warning C4305: 'argument': truncation from 'double' to 'float'
batman.cpp(222): warning C4305: 'argument': truncation from 'double' to 'float'
batman.cpp(223): warning C4305: 'argument': truncation from 'double' to 'float'
  modelerview.cpp
c:\users\cyber\documents\visual studio 2015\projects\graphics\project_2\animator\Particle.h(57): warning C4244: 'argument': conversion from 'double' to 'GLfloat', possible loss of data
c:\users\cyber\documents\visual studio 2015\projects\graphics\project_2\animator\Particle.h(72): warning C4244: 'initializing': conversion from 'double' to 'float', possible loss of data
c:\users\cyber\documents\visual studio 2015\projects\graphics\project_2\animator\Particle.h(75): warning C4244: 'initializing': conversion from 'double' to 'float', possible loss of data
  Generating Code...
  Animator.vcxproj -> C:\Users\cyber\Documents\Visual Studio 2015\Projects\Graphics\Project_2\animator\Release\Animator.exe
  Animator.vcxproj -> Release\Animator.pdb (Full PDB)
